<?xml version="1.0" encoding="UTF-8"?>
<!-- Generated by org.testng.reporters.JUnitReportReporter -->
<testsuite hostname="DESKTOP-JNI54LI" failures="0" tests="2" name="webDriver_TestNG.Wd_TestNG" time="13.773" errors="0" timestamp="16 Jul 2022 06:58:05 GMT">
  <testcase classname="webDriver_TestNG.Wd_TestNG" name="TC_002" time="0.002"/>
  <testcase classname="webDriver_TestNG.Wd_TestNG" name="TC_001" time="13.771"/>
</testsuite> <!-- webDriver_TestNG.Wd_TestNG -->
